<?xml version='1.0' encoding='UTF-8'?>
<dataset>
  <usuario id="1" usuario="usuario1"/>
  <usuario id="2" usuario="usuario2"/>
  <usuario id="3" usuario="usuario3"/>
  <usuario id="4" usuario="usuario4"/>
  <usuario id="5" usuario="usuario5"/>
  <usuario id="6" usuario="usuario6"/>
</dataset>

